<?xml version="1.0" encoding="UTF-8"?>
<robot generator="Robot 7.2 (Python 3.10.11 on win32)" generated="2025-02-07T01:54:38.608391" rpa="false" schemaversion="5">
<suite id="s1" name="Login Tests" source="C:\ALTER\05. robot framework\tests\login_tests.robot">
<test id="s1-t1" name="Scenario: User login with invalid credentils" line="6">
<kw name="Given Open Browser To Login Page" owner="login_keywords">
<kw name="Open Browser" owner="SeleniumLibrary">
<msg time="2025-02-07T01:54:39.205004" level="INFO">Opening browser 'Chrome' to base url 'https://www.jamtangan.com/'.</msg>
<arg>${URL}</arg>
<arg>${BROWSER}</arg>
<doc>Opens a new browser instance to the optional ``url``.</doc>
<status status="PASS" start="2025-02-07T01:54:39.205004" elapsed="4.585250"/>
</kw>
<kw name="Maximize Browser Window" owner="SeleniumLibrary">
<doc>Maximizes current browser window.</doc>
<status status="PASS" start="2025-02-07T01:54:43.791254" elapsed="0.200971"/>
</kw>
<kw name="Wait Until Element Is Visible" owner="SeleniumLibrary">
<arg>${BTN_UTAMA}</arg>
<doc>Waits until the element ``locator`` is visible.</doc>
<status status="PASS" start="2025-02-07T01:54:43.993299" elapsed="0.047160"/>
</kw>
<kw name="Click Element" owner="SeleniumLibrary">
<msg time="2025-02-07T01:54:44.041409" level="INFO">Clicking element 'xpath=//button[@data-test-id='button-primary']'.</msg>
<arg>${BTN_UTAMA}</arg>
<doc>Click the element identified by ``locator``.</doc>
<status status="PASS" start="2025-02-07T01:54:44.041409" elapsed="0.194341"/>
</kw>
<status status="PASS" start="2025-02-07T01:54:39.203004" elapsed="5.032746"/>
</kw>
<kw name="When Login With Invalid Creds" owner="login_keywords">
<kw name="Run Keyword And Return Status" owner="BuiltIn">
<kw name="Element Should Be Visible" owner="SeleniumLibrary">
<msg time="2025-02-07T01:54:44.602551" level="INFO" html="true">&lt;/td&gt;&lt;/tr&gt;&lt;tr&gt;&lt;td colspan="3"&gt;&lt;a href="selenium-screenshot-6.png"&gt;&lt;img src="selenium-screenshot-6.png" width="800px"&gt;&lt;/a&gt;</msg>
<msg time="2025-02-07T01:54:44.602551" level="FAIL">Element with locator 'xpath=//div[@data-testid='login-form']' not found.</msg>
<arg>${LOGIN_FORM}</arg>
<doc>Verifies that the element identified by ``locator`` is visible.</doc>
<status status="FAIL" start="2025-02-07T01:54:44.238731" elapsed="0.368099">Element with locator 'xpath=//div[@data-testid='login-form']' not found.</status>
</kw>
<msg time="2025-02-07T01:54:44.607338" level="INFO">${is_form_visible} = False</msg>
<var>${is_form_visible}</var>
<arg>Element Should Be Visible</arg>
<arg>${LOGIN_FORM}</arg>
<doc>Runs the given keyword with given arguments and returns the status as a Boolean value.</doc>
<status status="PASS" start="2025-02-07T01:54:44.238731" elapsed="0.368607"/>
</kw>
<if>
<branch type="IF" condition="${is_form_visible} == False">
<kw name="Click Element" owner="SeleniumLibrary">
<msg time="2025-02-07T01:54:44.608903" level="INFO">Clicking element 'id=login-button'.</msg>
<arg>${BTN_LOGIN}</arg>
<doc>Click the element identified by ``locator``.</doc>
<status status="PASS" start="2025-02-07T01:54:44.607845" elapsed="0.214010"/>
</kw>
<status status="PASS" start="2025-02-07T01:54:44.607845" elapsed="0.215010"/>
</branch>
<status status="PASS" start="2025-02-07T01:54:44.607845" elapsed="0.215010"/>
</if>
<kw name="Input Text" owner="SeleniumLibrary">
<msg time="2025-02-07T01:54:44.823856" level="INFO">Typing text 'hehex@yopmail.com' into text field 'name=username'.</msg>
<arg>${INPUT_USERNAME}</arg>
<arg>${username}</arg>
<doc>Types the given ``text`` into the text field identified by ``locator``.</doc>
<status status="PASS" start="2025-02-07T01:54:44.822855" elapsed="0.480649"/>
</kw>
<kw name="Input Password" owner="SeleniumLibrary">
<msg time="2025-02-07T01:54:45.304616" level="INFO">Typing password into text field 'name=password'.</msg>
<msg time="2025-02-07T01:54:45.407279" level="INFO">Temporally setting log level to: NONE</msg>
<arg>${INPUT_PASSWORD}</arg>
<arg>${password}</arg>
<doc>Types the given password into the text field identified by ``locator``.</doc>
<status status="PASS" start="2025-02-07T01:54:45.304616" elapsed="0.283938"/>
</kw>
<kw name="Click Element" owner="SeleniumLibrary">
<msg time="2025-02-07T01:54:45.589334" level="INFO">Clicking element 'xpath=//button[contains(@class, 'qa-login-button')]'.</msg>
<arg>${BTN_LOGIN_SUBMIT}</arg>
<doc>Click the element identified by ``locator``.</doc>
<status status="PASS" start="2025-02-07T01:54:45.588864" elapsed="0.188206"/>
</kw>
<kw name="Wait Until Element Is Visible" owner="SeleniumLibrary">
<arg>${TOAST_LOCATOR}</arg>
<arg>timeout=15s</arg>
<doc>Waits until the element ``locator`` is visible.</doc>
<status status="PASS" start="2025-02-07T01:54:45.779563" elapsed="3.811430"/>
</kw>
<kw name="Get Text" owner="SeleniumLibrary">
<msg time="2025-02-07T01:54:49.643471" level="INFO">${toast_text} = Ups, akun ini belum terdaftar</msg>
<var>${toast_text}</var>
<arg>${TOAST_LOCATOR}</arg>
<doc>Returns the text value of the element identified by ``locator``.</doc>
<status status="PASS" start="2025-02-07T01:54:49.590993" elapsed="0.052478"/>
</kw>
<kw name="Evaluate" owner="BuiltIn">
<msg time="2025-02-07T01:54:49.644471" level="INFO">${is_valid_toast} = True</msg>
<var>${is_valid_toast}</var>
<arg>'${toast_text}' == '${TOAST_MESSAGE1}' or '${toast_text}' == '${TOAST_MESSAGE2}'</arg>
<doc>Evaluates the given expression in Python and returns the result.</doc>
<status status="PASS" start="2025-02-07T01:54:49.643471" elapsed="0.001000"/>
</kw>
<if>
<branch type="IF" condition="${is_valid_toast}">
<kw name="Log" owner="BuiltIn">
<msg time="2025-02-07T01:54:49.645471" level="INFO">"Pesan error sesuai: Ups, akun ini belum terdaftar"</msg>
<arg>"Pesan error sesuai: ${toast_text}"</arg>
<doc>Logs the given message with the given level.</doc>
<status status="PASS" start="2025-02-07T01:54:49.645471" elapsed="0.000000"/>
</kw>
<status status="PASS" start="2025-02-07T01:54:49.644471" elapsed="0.001000"/>
</branch>
<branch type="ELSE">
<kw name="Fail" owner="BuiltIn">
<arg>"Pesan Error tidak sesuai"</arg>
<doc>Fails the test with the given message and optionally alters its tags.</doc>
<status status="NOT RUN" start="2025-02-07T01:54:49.645471" elapsed="0.000000"/>
</kw>
<status status="NOT RUN" start="2025-02-07T01:54:49.645471" elapsed="0.000000"/>
</branch>
<status status="PASS" start="2025-02-07T01:54:49.644471" elapsed="0.001000"/>
</if>
<arg>${INVALID_USERNAME}</arg>
<arg>${VALID_PASSWORD}</arg>
<status status="PASS" start="2025-02-07T01:54:44.237733" elapsed="5.408738"/>
</kw>
<kw name="When Login With Invalid Creds" owner="login_keywords">
<kw name="Run Keyword And Return Status" owner="BuiltIn">
<kw name="Element Should Be Visible" owner="SeleniumLibrary">
<msg time="2025-02-07T01:54:49.682497" level="INFO">Element 'xpath=//div[@data-testid='login-form']' is displayed.</msg>
<arg>${LOGIN_FORM}</arg>
<doc>Verifies that the element identified by ``locator`` is visible.</doc>
<status status="PASS" start="2025-02-07T01:54:49.648447" elapsed="0.034050"/>
</kw>
<msg time="2025-02-07T01:54:49.682497" level="INFO">${is_form_visible} = True</msg>
<var>${is_form_visible}</var>
<arg>Element Should Be Visible</arg>
<arg>${LOGIN_FORM}</arg>
<doc>Runs the given keyword with given arguments and returns the status as a Boolean value.</doc>
<status status="PASS" start="2025-02-07T01:54:49.647449" elapsed="0.035048"/>
</kw>
<if>
<branch type="IF" condition="${is_form_visible} == False">
<kw name="Click Element" owner="SeleniumLibrary">
<arg>${BTN_LOGIN}</arg>
<doc>Click the element identified by ``locator``.</doc>
<status status="NOT RUN" start="2025-02-07T01:54:49.683671" elapsed="0.000000"/>
</kw>
<status status="NOT RUN" start="2025-02-07T01:54:49.682497" elapsed="0.001174"/>
</branch>
<status status="PASS" start="2025-02-07T01:54:49.682497" elapsed="0.001174"/>
</if>
<kw name="Input Text" owner="SeleniumLibrary">
<msg time="2025-02-07T01:54:49.684703" level="INFO">Typing text 'hehex@yopmail.com' into text field 'name=username'.</msg>
<arg>${INPUT_USERNAME}</arg>
<arg>${username}</arg>
<doc>Types the given ``text`` into the text field identified by ``locator``.</doc>
<status status="PASS" start="2025-02-07T01:54:49.683671" elapsed="0.302690"/>
</kw>
<kw name="Input Password" owner="SeleniumLibrary">
<msg time="2025-02-07T01:54:49.987498" level="INFO">Typing password into text field 'name=password'.</msg>
<msg time="2025-02-07T01:54:50.057433" level="INFO">Temporally setting log level to: NONE</msg>
<arg>${INPUT_PASSWORD}</arg>
<arg>${password}</arg>
<doc>Types the given password into the text field identified by ``locator``.</doc>
<status status="PASS" start="2025-02-07T01:54:49.986361" elapsed="0.252555"/>
</kw>
<kw name="Click Element" owner="SeleniumLibrary">
<msg time="2025-02-07T01:54:50.239916" level="INFO">Clicking element 'xpath=//button[contains(@class, 'qa-login-button')]'.</msg>
<arg>${BTN_LOGIN_SUBMIT}</arg>
<doc>Click the element identified by ``locator``.</doc>
<status status="PASS" start="2025-02-07T01:54:50.238916" elapsed="0.139105"/>
</kw>
<kw name="Wait Until Element Is Visible" owner="SeleniumLibrary">
<arg>${TOAST_LOCATOR}</arg>
<arg>timeout=15s</arg>
<doc>Waits until the element ``locator`` is visible.</doc>
<status status="PASS" start="2025-02-07T01:54:50.379215" elapsed="0.035406"/>
</kw>
<kw name="Get Text" owner="SeleniumLibrary">
<msg time="2025-02-07T01:54:50.530519" level="INFO">${toast_text} = Ups, akun ini belum terdaftar</msg>
<var>${toast_text}</var>
<arg>${TOAST_LOCATOR}</arg>
<doc>Returns the text value of the element identified by ``locator``.</doc>
<status status="PASS" start="2025-02-07T01:54:50.414621" elapsed="0.115898"/>
</kw>
<kw name="Evaluate" owner="BuiltIn">
<msg time="2025-02-07T01:54:50.531577" level="INFO">${is_valid_toast} = True</msg>
<var>${is_valid_toast}</var>
<arg>'${toast_text}' == '${TOAST_MESSAGE1}' or '${toast_text}' == '${TOAST_MESSAGE2}'</arg>
<doc>Evaluates the given expression in Python and returns the result.</doc>
<status status="PASS" start="2025-02-07T01:54:50.531577" elapsed="0.000000"/>
</kw>
<if>
<branch type="IF" condition="${is_valid_toast}">
<kw name="Log" owner="BuiltIn">
<msg time="2025-02-07T01:54:50.532642" level="INFO">"Pesan error sesuai: Ups, akun ini belum terdaftar"</msg>
<arg>"Pesan error sesuai: ${toast_text}"</arg>
<doc>Logs the given message with the given level.</doc>
<status status="PASS" start="2025-02-07T01:54:50.532642" elapsed="0.000000"/>
</kw>
<status status="PASS" start="2025-02-07T01:54:50.532642" elapsed="0.000000"/>
</branch>
<branch type="ELSE">
<kw name="Fail" owner="BuiltIn">
<arg>"Pesan Error tidak sesuai"</arg>
<doc>Fails the test with the given message and optionally alters its tags.</doc>
<status status="NOT RUN" start="2025-02-07T01:54:50.533704" elapsed="0.000000"/>
</kw>
<status status="NOT RUN" start="2025-02-07T01:54:50.532642" elapsed="0.001062"/>
</branch>
<status status="PASS" start="2025-02-07T01:54:50.532642" elapsed="0.001062"/>
</if>
<arg>${INVALID_USERNAME}</arg>
<arg>${INVALID_PASSWORD}</arg>
<status status="PASS" start="2025-02-07T01:54:49.647449" elapsed="0.886255"/>
</kw>
<kw name="When Login With Invalid Creds" owner="login_keywords">
<kw name="Run Keyword And Return Status" owner="BuiltIn">
<kw name="Element Should Be Visible" owner="SeleniumLibrary">
<msg time="2025-02-07T01:54:50.578788" level="INFO">Element 'xpath=//div[@data-testid='login-form']' is displayed.</msg>
<arg>${LOGIN_FORM}</arg>
<doc>Verifies that the element identified by ``locator`` is visible.</doc>
<status status="PASS" start="2025-02-07T01:54:50.536258" elapsed="0.042530"/>
</kw>
<msg time="2025-02-07T01:54:50.578788" level="INFO">${is_form_visible} = True</msg>
<var>${is_form_visible}</var>
<arg>Element Should Be Visible</arg>
<arg>${LOGIN_FORM}</arg>
<doc>Runs the given keyword with given arguments and returns the status as a Boolean value.</doc>
<status status="PASS" start="2025-02-07T01:54:50.534817" elapsed="0.043971"/>
</kw>
<if>
<branch type="IF" condition="${is_form_visible} == False">
<kw name="Click Element" owner="SeleniumLibrary">
<arg>${BTN_LOGIN}</arg>
<doc>Click the element identified by ``locator``.</doc>
<status status="NOT RUN" start="2025-02-07T01:54:50.579822" elapsed="0.000000"/>
</kw>
<status status="NOT RUN" start="2025-02-07T01:54:50.579822" elapsed="0.000000"/>
</branch>
<status status="PASS" start="2025-02-07T01:54:50.579822" elapsed="0.000000"/>
</if>
<kw name="Input Text" owner="SeleniumLibrary">
<msg time="2025-02-07T01:54:50.580826" level="INFO">Typing text 'hehe@yopmail.com' into text field 'name=username'.</msg>
<arg>${INPUT_USERNAME}</arg>
<arg>${username}</arg>
<doc>Types the given ``text`` into the text field identified by ``locator``.</doc>
<status status="PASS" start="2025-02-07T01:54:50.579822" elapsed="0.358489"/>
</kw>
<kw name="Input Password" owner="SeleniumLibrary">
<msg time="2025-02-07T01:54:50.939392" level="INFO">Typing password into text field 'name=password'.</msg>
<msg time="2025-02-07T01:54:51.018322" level="INFO">Temporally setting log level to: NONE</msg>
<arg>${INPUT_PASSWORD}</arg>
<arg>${password}</arg>
<doc>Types the given password into the text field identified by ``locator``.</doc>
<status status="PASS" start="2025-02-07T01:54:50.938311" elapsed="0.278470"/>
</kw>
<kw name="Click Element" owner="SeleniumLibrary">
<msg time="2025-02-07T01:54:51.217879" level="INFO">Clicking element 'xpath=//button[contains(@class, 'qa-login-button')]'.</msg>
<arg>${BTN_LOGIN_SUBMIT}</arg>
<doc>Click the element identified by ``locator``.</doc>
<status status="PASS" start="2025-02-07T01:54:51.216781" elapsed="0.148034"/>
</kw>
<kw name="Wait Until Element Is Visible" owner="SeleniumLibrary">
<arg>${TOAST_LOCATOR}</arg>
<arg>timeout=15s</arg>
<doc>Waits until the element ``locator`` is visible.</doc>
<status status="PASS" start="2025-02-07T01:54:51.364815" elapsed="0.042578"/>
</kw>
<kw name="Get Text" owner="SeleniumLibrary">
<msg time="2025-02-07T01:54:51.444719" level="INFO">${toast_text} = Ups, akun ini belum terdaftar</msg>
<var>${toast_text}</var>
<arg>${TOAST_LOCATOR}</arg>
<doc>Returns the text value of the element identified by ``locator``.</doc>
<status status="PASS" start="2025-02-07T01:54:51.407393" elapsed="0.037326"/>
</kw>
<kw name="Evaluate" owner="BuiltIn">
<msg time="2025-02-07T01:54:51.445898" level="INFO">${is_valid_toast} = True</msg>
<var>${is_valid_toast}</var>
<arg>'${toast_text}' == '${TOAST_MESSAGE1}' or '${toast_text}' == '${TOAST_MESSAGE2}'</arg>
<doc>Evaluates the given expression in Python and returns the result.</doc>
<status status="PASS" start="2025-02-07T01:54:51.444719" elapsed="0.001179"/>
</kw>
<if>
<branch type="IF" condition="${is_valid_toast}">
<kw name="Log" owner="BuiltIn">
<msg time="2025-02-07T01:54:51.446876" level="INFO">"Pesan error sesuai: Ups, akun ini belum terdaftar"</msg>
<arg>"Pesan error sesuai: ${toast_text}"</arg>
<doc>Logs the given message with the given level.</doc>
<status status="PASS" start="2025-02-07T01:54:51.445898" elapsed="0.000978"/>
</kw>
<status status="PASS" start="2025-02-07T01:54:51.445898" elapsed="0.000978"/>
</branch>
<branch type="ELSE">
<kw name="Fail" owner="BuiltIn">
<arg>"Pesan Error tidak sesuai"</arg>
<doc>Fails the test with the given message and optionally alters its tags.</doc>
<status status="NOT RUN" start="2025-02-07T01:54:51.446876" elapsed="0.000000"/>
</kw>
<status status="NOT RUN" start="2025-02-07T01:54:51.446876" elapsed="0.000000"/>
</branch>
<status status="PASS" start="2025-02-07T01:54:51.445898" elapsed="0.000978"/>
</if>
<arg>${VALID_USERNAME}</arg>
<arg>${INVALID_PASSWORD}</arg>
<status status="PASS" start="2025-02-07T01:54:50.534817" elapsed="0.913086"/>
</kw>
<status status="PASS" start="2025-02-07T01:54:39.201004" elapsed="12.246899"/>
</test>
<test id="s1-t2" name="Scenario: User logs in and logs out" line="12">
<kw name="Given Login To Jamtangan" owner="login_keywords">
<kw name="Run Keyword And Return Status" owner="BuiltIn">
<kw name="Element Should Be Visible" owner="SeleniumLibrary">
<msg time="2025-02-07T01:54:51.484449" level="INFO">Element 'xpath=//div[@data-testid='login-form']' is displayed.</msg>
<arg>${LOGIN_FORM}</arg>
<doc>Verifies that the element identified by ``locator`` is visible.</doc>
<status status="PASS" start="2025-02-07T01:54:51.452955" elapsed="0.032003"/>
</kw>
<msg time="2025-02-07T01:54:51.484958" level="INFO">${is_form_visible} = True</msg>
<var>${is_form_visible}</var>
<arg>Element Should Be Visible</arg>
<arg>${LOGIN_FORM}</arg>
<doc>Runs the given keyword with given arguments and returns the status as a Boolean value.</doc>
<status status="PASS" start="2025-02-07T01:54:51.451956" elapsed="0.033002"/>
</kw>
<if>
<branch type="IF" condition="${is_form_visible} == False">
<kw name="Click Element" owner="SeleniumLibrary">
<arg>${BTN_LOGIN}</arg>
<doc>Click the element identified by ``locator``.</doc>
<status status="NOT RUN" start="2025-02-07T01:54:51.486973" elapsed="0.000000"/>
</kw>
<status status="NOT RUN" start="2025-02-07T01:54:51.485974" elapsed="0.000999"/>
</branch>
<status status="PASS" start="2025-02-07T01:54:51.485974" elapsed="0.002002"/>
</if>
<kw name="Input Text" owner="SeleniumLibrary">
<msg time="2025-02-07T01:54:51.488974" level="INFO">Typing text 'hehe@yopmail.com' into text field 'name=username'.</msg>
<arg>${INPUT_USERNAME}</arg>
<arg>${username}</arg>
<doc>Types the given ``text`` into the text field identified by ``locator``.</doc>
<status status="PASS" start="2025-02-07T01:54:51.487976" elapsed="0.403955"/>
</kw>
<kw name="Input Password" owner="SeleniumLibrary">
<msg time="2025-02-07T01:54:51.893019" level="INFO">Typing password into text field 'name=password'.</msg>
<msg time="2025-02-07T01:54:51.965793" level="INFO">Temporally setting log level to: NONE</msg>
<arg>${INPUT_PASSWORD}</arg>
<arg>${password}</arg>
<doc>Types the given password into the text field identified by ``locator``.</doc>
<status status="PASS" start="2025-02-07T01:54:51.891931" elapsed="0.254083"/>
</kw>
<kw name="Click Element" owner="SeleniumLibrary">
<msg time="2025-02-07T01:54:52.147015" level="INFO">Clicking element 'xpath=//button[contains(@class, 'qa-login-button')]'.</msg>
<arg>${BTN_LOGIN_SUBMIT}</arg>
<doc>Click the element identified by ``locator``.</doc>
<status status="PASS" start="2025-02-07T01:54:52.147015" elapsed="0.137196"/>
</kw>
<kw name="Wait Until Page Contains Element" owner="SeleniumLibrary">
<arg>${USER_AVATAR}</arg>
<arg>timeout=30s</arg>
<doc>Waits until the element ``locator`` appears on the current page.</doc>
<status status="PASS" start="2025-02-07T01:54:52.285389" elapsed="2.376551"/>
</kw>
<arg>${VALID_USERNAME}</arg>
<arg>${VALID_PASSWORD}</arg>
<status status="PASS" start="2025-02-07T01:54:51.450954" elapsed="3.210986"/>
</kw>
<kw name="Then Logout From Jamtangan" owner="login_keywords">
<kw name="Run Keyword And Return Status" owner="BuiltIn">
<kw name="Element Should Be Visible" owner="SeleniumLibrary">
<msg time="2025-02-07T01:54:54.698303" level="INFO">Element 'xpath=//picture/img[@alt='User avatar icon']' is displayed.</msg>
<arg>${USER_AVATAR}</arg>
<doc>Verifies that the element identified by ``locator`` is visible.</doc>
<status status="PASS" start="2025-02-07T01:54:54.665300" elapsed="0.034022"/>
</kw>
<msg time="2025-02-07T01:54:54.699322" level="INFO">${is_form_visible} = True</msg>
<var>${is_form_visible}</var>
<arg>Element Should Be Visible</arg>
<arg>${USER_AVATAR}</arg>
<doc>Runs the given keyword with given arguments and returns the status as a Boolean value.</doc>
<status status="PASS" start="2025-02-07T01:54:54.664269" elapsed="0.035053"/>
</kw>
<kw name="Mouse Over" owner="SeleniumLibrary">
<msg time="2025-02-07T01:54:54.700306" level="INFO">Simulating Mouse Over on element 'xpath=//picture/img[@alt='User avatar icon']'.</msg>
<arg>${USER_AVATAR}</arg>
<doc>Simulates hovering the mouse over the element ``locator``.</doc>
<status status="PASS" start="2025-02-07T01:54:54.699322" elapsed="0.315314"/>
</kw>
<kw name="Click Element" owner="SeleniumLibrary">
<msg time="2025-02-07T01:54:55.015635" level="INFO">Clicking element 'xpath=//span[text()='Keluar']'.</msg>
<arg>${BTN_LOGOUT}</arg>
<doc>Click the element identified by ``locator``.</doc>
<status status="PASS" start="2025-02-07T01:54:55.014636" elapsed="0.200299"/>
</kw>
<kw name="Click Element" owner="SeleniumLibrary">
<msg time="2025-02-07T01:54:55.217280" level="INFO">Clicking element 'xpath=//button[@data-testid='confirm-logout-cancel']'.</msg>
<arg>${BTN_CONFIRM_LOGOUT}</arg>
<doc>Click the element identified by ``locator``.</doc>
<status status="PASS" start="2025-02-07T01:54:55.216256" elapsed="1.342231"/>
</kw>
<kw name="Element Should Be Visible" owner="SeleniumLibrary">
<msg time="2025-02-07T01:54:56.591282" level="INFO">Element 'xpath=//div[@data-testid='login-form']' is displayed.</msg>
<arg>${LOGIN_FORM}</arg>
<doc>Verifies that the element identified by ``locator`` is visible.</doc>
<status status="PASS" start="2025-02-07T01:54:56.558487" elapsed="0.033795"/>
</kw>
<status status="PASS" start="2025-02-07T01:54:54.662918" elapsed="1.929364"/>
</kw>
<status status="PASS" start="2025-02-07T01:54:51.449977" elapsed="5.142305"/>
</test>
<status status="PASS" start="2025-02-07T01:54:38.611392" elapsed="17.982916"/>
</suite>
<statistics>
<total>
<stat pass="2" fail="0" skip="0">All Tests</stat>
</total>
<tag>
</tag>
<suite>
<stat name="Login Tests" id="s1" pass="2" fail="0" skip="0">Login Tests</stat>
</suite>
</statistics>
<errors>
</errors>
</robot>
